e:\dev\davinci-control-helper\rawaccel-1.7.1\wrapper\x64\debug\vc143.pdb
e:\dev\davinci-control-helper\rawaccel-1.7.1\wrapper\x64\debug\.netframework,version=v4.7.2.assemblyattributes.obj
e:\dev\davinci-control-helper\rawaccel-1.7.1\wrapper\x64\debug\wrapper.obj
e:\dev\davinci-control-helper\rawaccel-1.7.1\wrapper\x64\debug\input.obj
e:\dev\davinci-control-helper\rawaccel-1.7.1\wrapper\x64\debug\assemblyinfo.obj
e:\dev\davinci-control-helper\rawaccel-1.7.1\x64\debug\newtonsoft.json.dll
e:\dev\davinci-control-helper\rawaccel-1.7.1\x64\debug\newtonsoft.json.xml
e:\dev\davinci-control-helper\rawaccel-1.7.1\x64\debug\wrapper.dll
e:\dev\davinci-control-helper\rawaccel-1.7.1\x64\debug\wrapper.pdb
e:\dev\davinci-control-helper\rawaccel-1.7.1\wrapper\x64\debug\wrapper.tlog\metagen.write.1.tlog
e:\dev\davinci-control-helper\rawaccel-1.7.1\wrapper\x64\debug\wrapper.res
e:\dev\davinci-control-helper\rawaccel-1.7.1\wrapper\x64\debug\wrapper.tlog\cl.command.1.tlog
e:\dev\davinci-control-helper\rawaccel-1.7.1\wrapper\x64\debug\wrapper.tlog\cl.items.tlog
e:\dev\davinci-control-helper\rawaccel-1.7.1\wrapper\x64\debug\wrapper.tlog\cl.read.1.tlog
e:\dev\davinci-control-helper\rawaccel-1.7.1\wrapper\x64\debug\wrapper.tlog\cl.write.1.tlog
e:\dev\davinci-control-helper\rawaccel-1.7.1\wrapper\x64\debug\wrapper.tlog\copylocal.read.1u.tlog
e:\dev\davinci-control-helper\rawaccel-1.7.1\wrapper\x64\debug\wrapper.tlog\copylocal.write.1u.tlog
e:\dev\davinci-control-helper\rawaccel-1.7.1\wrapper\x64\debug\wrapper.tlog\link.command.1.tlog
e:\dev\davinci-control-helper\rawaccel-1.7.1\wrapper\x64\debug\wrapper.tlog\link.read.1.tlog
e:\dev\davinci-control-helper\rawaccel-1.7.1\wrapper\x64\debug\wrapper.tlog\link.secondary.1.tlog
e:\dev\davinci-control-helper\rawaccel-1.7.1\wrapper\x64\debug\wrapper.tlog\link.write.1.tlog
e:\dev\davinci-control-helper\rawaccel-1.7.1\wrapper\x64\debug\wrapper.tlog\metagen.read.1.tlog
e:\dev\davinci-control-helper\rawaccel-1.7.1\wrapper\x64\debug\wrapper.tlog\rc.command.1.tlog
e:\dev\davinci-control-helper\rawaccel-1.7.1\wrapper\x64\debug\wrapper.tlog\rc.read.1.tlog
e:\dev\davinci-control-helper\rawaccel-1.7.1\wrapper\x64\debug\wrapper.tlog\rc.write.1.tlog
e:\dev\davinci-control-helper\rawaccel-1.7.1\wrapper\x64\debug\wrapper.tlog\newtonsoft.json.dll.metagen
